INFO [2024-08-31 11:52:21] [[1]]
INFO [2024-08-31 11:52:21] list(`HIL 1` = down_commonbg_330_names, `HIL 2` = down_commonbg_307_names)
INFO [2024-08-31 11:52:21] 
INFO [2024-08-31 11:52:21] $filename
INFO [2024-08-31 11:52:21] [1] "../3-Output/fig2c_venndiagram_downregulated.png"
INFO [2024-08-31 11:52:21] 
INFO [2024-08-31 11:52:21] $imagetype
INFO [2024-08-31 11:52:21] [1] "png"
INFO [2024-08-31 11:52:21] 
INFO [2024-08-31 11:52:21] $fill
INFO [2024-08-31 11:52:21] c("#FFC6C4", "#CC9F9D")
INFO [2024-08-31 11:52:21] 
INFO [2024-08-31 11:52:21] $alpha
INFO [2024-08-31 11:52:21] c(0.6, 0.6)
INFO [2024-08-31 11:52:21] 
INFO [2024-08-31 11:52:21] $main.cex
INFO [2024-08-31 11:52:21] [1] 1.5
INFO [2024-08-31 11:52:21] 
INFO [2024-08-31 11:52:21] $cex
INFO [2024-08-31 11:52:21] [1] 2
INFO [2024-08-31 11:52:21] 
INFO [2024-08-31 11:52:21] $cat.cex
INFO [2024-08-31 11:52:21] [1] 1.3
INFO [2024-08-31 11:52:21] 
INFO [2024-08-31 11:52:21] $cat.pos
INFO [2024-08-31 11:52:21] c(40, -40)
INFO [2024-08-31 11:52:21] 
INFO [2024-08-31 11:52:21] $cat.dist
INFO [2024-08-31 11:52:21] [1] 0.045
INFO [2024-08-31 11:52:21] 
INFO [2024-08-31 11:52:21] $inverted
INFO [2024-08-31 11:52:21] [1] TRUE
INFO [2024-08-31 11:52:21] 
INFO [2024-08-31 11:52:21] $cat.fontface
INFO [2024-08-31 11:52:21] [1] "bold"
INFO [2024-08-31 11:52:21] 
