INFO [2024-08-31 11:52:30] [[1]]
INFO [2024-08-31 11:52:30] list(`HIL 1` = up_commonbg_330_names, `HIL 2` = up_commonbg_307_names)
INFO [2024-08-31 11:52:30] 
INFO [2024-08-31 11:52:30] $filename
INFO [2024-08-31 11:52:30] [1] "../3-Output/fig2c_venndiagram_Upregulated.png"
INFO [2024-08-31 11:52:30] 
INFO [2024-08-31 11:52:30] $imagetype
INFO [2024-08-31 11:52:30] [1] "png"
INFO [2024-08-31 11:52:30] 
INFO [2024-08-31 11:52:30] $fill
INFO [2024-08-31 11:52:30] c("#E4A302", "#FEECBE")
INFO [2024-08-31 11:52:30] 
INFO [2024-08-31 11:52:30] $main.cex
INFO [2024-08-31 11:52:30] [1] 1.5
INFO [2024-08-31 11:52:30] 
INFO [2024-08-31 11:52:30] $cex
INFO [2024-08-31 11:52:30] [1] 2
INFO [2024-08-31 11:52:30] 
INFO [2024-08-31 11:52:30] $cat.cex
INFO [2024-08-31 11:52:30] [1] 1.3
INFO [2024-08-31 11:52:30] 
INFO [2024-08-31 11:52:30] $cat.pos
INFO [2024-08-31 11:52:30] c(40, -40)
INFO [2024-08-31 11:52:30] 
INFO [2024-08-31 11:52:30] $cat.dist
INFO [2024-08-31 11:52:30] [1] 0.045
INFO [2024-08-31 11:52:30] 
INFO [2024-08-31 11:52:30] $inverted
INFO [2024-08-31 11:52:30] [1] TRUE
INFO [2024-08-31 11:52:30] 
INFO [2024-08-31 11:52:30] $cat.fontface
INFO [2024-08-31 11:52:30] [1] "bold"
INFO [2024-08-31 11:52:30] 
